01-02 15:55:59.377 (I) Starting SimpaticoApplication on Smarts-MacBook-Pro.local with PID 27873 (/Users/raman/Documents/Work/SO/platform/smartcampus-vas/simpatico-adaptation-engines/target/classes started by raman in /Users/raman/Documents/Work/SO/platform/smartcampus-vas/simpatico-adaptation-engines)  [restartedMain e.s.a.SimpaticoApplication]
01-02 15:55:59.385 (I) No active profile set, falling back to default profiles: default  [restartedMain e.s.a.SimpaticoApplication]
01-02 15:55:59.442 (I) Refreshing org.springframework.boot.context.embedded.AnnotationConfigEmbeddedWebApplicationContext@7d651f12: startup date [Wed Feb 01 15:55:59 CET 2017]; root of context hierarchy  [restartedMain o.s.b.c.e.AnnotationConfigEmbeddedWebApplicationContext]
01-02 15:55:59.746 (I) HV000001: Hibernate Validator 5.2.4.Final  [background-preinit o.h.v.i.u.Version]
01-02 15:56:01.443 (I) Tomcat initialized with port(s): 8080 (http)  [restartedMain o.s.b.c.e.t.TomcatEmbeddedServletContainer]
01-02 15:56:01.570 (I) Root WebApplicationContext: initialization completed in 2131 ms  [localhost-startStop-1 o.s.w.c.ContextLoader]
01-02 15:56:01.876 (I) Mapping filter: 'characterEncodingFilter' to: [/*]  [localhost-startStop-1 o.s.b.c.e.FilterRegistrationBean]
01-02 15:56:01.877 (I) Mapping filter: 'hiddenHttpMethodFilter' to: [/*]  [localhost-startStop-1 o.s.b.c.e.FilterRegistrationBean]
01-02 15:56:01.877 (I) Mapping filter: 'httpPutFormContentFilter' to: [/*]  [localhost-startStop-1 o.s.b.c.e.FilterRegistrationBean]
01-02 15:56:01.877 (I) Mapping filter: 'requestContextFilter' to: [/*]  [localhost-startStop-1 o.s.b.c.e.FilterRegistrationBean]
01-02 15:56:01.877 (I) Filter characterEncodingFilter was not registered (possibly already registered?)  [localhost-startStop-1 o.s.b.c.e.FilterRegistrationBean]
01-02 15:56:01.877 (I) Mapping servlet: 'dispatcherServlet' to [/]  [localhost-startStop-1 o.s.b.c.e.ServletRegistrationBean]
01-02 15:56:02.571 (I) Mapped "{[/tae/webdemo || /tae]}" onto public java.lang.String eu.simpaticoproject.adaptation.common.controller.DemoController.taeDashboard()  [restartedMain o.s.w.s.m.m.a.RequestMappingHandlerMapping]
01-02 15:56:02.572 (I) Mapped "{[/wae/webdemo || /wae]}" onto public java.lang.String eu.simpaticoproject.adaptation.common.controller.DemoController.waeDemo()  [restartedMain o.s.w.s.m.m.a.RequestMappingHandlerMapping]
01-02 15:56:02.572 (I) Mapped "{[/wae/webdemo/logincallback]}" onto public java.lang.String eu.simpaticoproject.adaptation.common.controller.DemoController.login()  [restartedMain o.s.w.s.m.m.a.RequestMappingHandlerMapping]
01-02 15:56:02.572 (I) Mapped "{[/tae/simp],methods=[POST]}" onto public eu.simpaticoproject.adaptation.text.tae.SimpaticoOutput eu.simpaticoproject.adaptation.text.controllers.TAEController.simp(eu.simpaticoproject.adaptation.text.tae.SimpaticoInput) throws java.lang.Exception  [restartedMain o.s.w.s.m.m.a.RequestMappingHandlerMapping]
01-02 15:56:02.573 (I) Mapped "{[/tae/simp],methods=[GET]}" onto public java.lang.String eu.simpaticoproject.adaptation.text.controllers.TAEController.simp(java.lang.String,java.lang.String,java.lang.Boolean) throws java.lang.Exception  [restartedMain o.s.w.s.m.m.a.RequestMappingHandlerMapping]
01-02 15:56:02.574 (I) Mapped "{[/wae/model/page],methods=[GET]}" onto public eu.simpaticoproject.adaptation.workflow.model.wf.PageModel eu.simpaticoproject.adaptation.workflow.controller.WAEController.getPageModel(java.lang.String,java.lang.String,javax.servlet.http.HttpServletRequest) throws java.lang.Exception  [restartedMain o.s.w.s.m.m.a.RequestMappingHandlerMapping]
01-02 15:56:02.574 (I) Mapped "{[/wae/model],methods=[GET]}" onto public java.util.List<eu.simpaticoproject.adaptation.workflow.model.WorkFlowModelStore> eu.simpaticoproject.adaptation.workflow.controller.WAEController.getModelStore(java.lang.String,javax.servlet.http.HttpServletRequest) throws java.lang.Exception  [restartedMain o.s.w.s.m.m.a.RequestMappingHandlerMapping]
01-02 15:56:02.574 (I) Mapped "{[/wae/model],methods=[POST]}" onto public eu.simpaticoproject.adaptation.workflow.model.WorkFlowModelStore eu.simpaticoproject.adaptation.workflow.controller.WAEController.addModelStore(eu.simpaticoproject.adaptation.workflow.model.WorkFlowModelStore,javax.servlet.http.HttpServletRequest) throws java.lang.Exception  [restartedMain o.s.w.s.m.m.a.RequestMappingHandlerMapping]
01-02 15:56:02.574 (I) Mapped "{[/wae/model/{objectId}],methods=[PUT]}" onto public eu.simpaticoproject.adaptation.workflow.model.WorkFlowModelStore eu.simpaticoproject.adaptation.workflow.controller.WAEController.saveModelStore(java.lang.String,eu.simpaticoproject.adaptation.workflow.model.WorkFlowModelStore,javax.servlet.http.HttpServletRequest) throws java.lang.Exception  [restartedMain o.s.w.s.m.m.a.RequestMappingHandlerMapping]
01-02 15:56:02.574 (I) Mapped "{[/wae/model/{objectId}],methods=[DELETE]}" onto public void eu.simpaticoproject.adaptation.workflow.controller.WAEController.deleteModelStore(java.lang.String,javax.servlet.http.HttpServletRequest) throws java.lang.Exception  [restartedMain o.s.w.s.m.m.a.RequestMappingHandlerMapping]
01-02 15:56:02.575 (I) Mapped "{[/apidocs],methods=[GET],produces=[application/json || application/hal+json]}" onto public org.springframework.http.ResponseEntity<springfox.documentation.spring.web.json.Json> springfox.documentation.swagger2.web.Swagger2Controller.getDocumentation(java.lang.String,javax.servlet.http.HttpServletRequest)  [restartedMain o.s.w.s.m.m.a.RequestMappingHandlerMapping]
01-02 15:56:02.578 (I) Mapped "{[/swagger-resources]}" onto org.springframework.http.ResponseEntity<java.util.List<springfox.documentation.swagger.web.SwaggerResource>> springfox.documentation.swagger.web.ApiResourceController.swaggerResources()  [restartedMain o.s.w.s.m.m.a.RequestMappingHandlerMapping]
01-02 15:56:02.578 (I) Mapped "{[/configuration/security]}" onto org.springframework.http.ResponseEntity<springfox.documentation.swagger.web.SecurityConfiguration> springfox.documentation.swagger.web.ApiResourceController.securityConfiguration()  [restartedMain o.s.w.s.m.m.a.RequestMappingHandlerMapping]
01-02 15:56:02.579 (I) Mapped "{[/configuration/ui]}" onto org.springframework.http.ResponseEntity<springfox.documentation.swagger.web.UiConfiguration> springfox.documentation.swagger.web.ApiResourceController.uiConfiguration()  [restartedMain o.s.w.s.m.m.a.RequestMappingHandlerMapping]
01-02 15:56:02.583 (I) Mapped "{[/error]}" onto public org.springframework.http.ResponseEntity<java.util.Map<java.lang.String, java.lang.Object>> org.springframework.boot.autoconfigure.web.BasicErrorController.error(javax.servlet.http.HttpServletRequest)  [restartedMain o.s.w.s.m.m.a.RequestMappingHandlerMapping]
01-02 15:56:02.584 (I) Mapped "{[/error],produces=[text/html]}" onto public org.springframework.web.servlet.ModelAndView org.springframework.boot.autoconfigure.web.BasicErrorController.errorHtml(javax.servlet.http.HttpServletRequest,javax.servlet.http.HttpServletResponse)  [restartedMain o.s.w.s.m.m.a.RequestMappingHandlerMapping]
01-02 15:56:02.859 (I) Looking for @ControllerAdvice: org.springframework.boot.context.embedded.AnnotationConfigEmbeddedWebApplicationContext@7d651f12: startup date [Wed Feb 01 15:55:59 CET 2017]; root of context hierarchy  [restartedMain o.s.w.s.m.m.a.RequestMappingHandlerAdapter]
01-02 15:56:02.909 (I) Mapped URL path [/webjars/**] onto handler of type [class org.springframework.web.servlet.resource.ResourceHttpRequestHandler]  [restartedMain o.s.w.s.h.SimpleUrlHandlerMapping]
01-02 15:56:02.909 (I) Mapped URL path [/**] onto handler of type [class org.springframework.web.servlet.resource.ResourceHttpRequestHandler]  [restartedMain o.s.w.s.h.SimpleUrlHandlerMapping]
01-02 15:56:02.944 (I) Mapped URL path [/**/favicon.ico] onto handler of type [class org.springframework.web.servlet.resource.ResourceHttpRequestHandler]  [restartedMain o.s.w.s.h.SimpleUrlHandlerMapping]
01-02 15:56:03.134 (I) LiveReload server is running on port 35729  [restartedMain o.s.b.d.a.OptionalLiveReloadServer]
01-02 15:56:03.171 (I) Registering beans for JMX exposure on startup  [restartedMain o.s.j.e.a.AnnotationMBeanExporter]
01-02 15:56:03.181 (I) Context refreshed  [restartedMain s.d.s.w.p.DocumentationPluginsBootstrapper]
01-02 15:56:03.211 (I) Found 1 custom documentation plugin(s)  [restartedMain s.d.s.w.p.DocumentationPluginsBootstrapper]
01-02 15:56:03.220 (I) Scanning for api listing references  [restartedMain s.d.s.w.s.ApiListingReferenceScanner]
01-02 15:56:03.601 (I) Tomcat started on port(s): 8080 (http)  [restartedMain o.s.b.c.e.t.TomcatEmbeddedServletContainer]
01-02 15:56:03.605 (I) Started SimpaticoApplication in 4.513 seconds (JVM running for 5.667)  [restartedMain e.s.a.SimpaticoApplication]
01-02 15:56:14.486 (I) FrameworkServlet 'dispatcherServlet': initialization started  [http-nio-8080-exec-2 o.s.w.s.DispatcherServlet]
01-02 15:56:14.499 (I) FrameworkServlet 'dispatcherServlet': initialization completed in 12 ms  [http-nio-8080-exec-2 o.s.w.s.DispatcherServlet]
