06-02 12:05:57.373 (I) Starting SimpaticoApplication on Smarts-MacBook-Pro.local with PID 48416 (/Users/raman/Documents/Work/SO/platform/smartcampus-vas/simpatico-adaptation-engines/target/classes started by raman in /Users/raman/Documents/Work/SO/platform/smartcampus-vas/simpatico-adaptation-engines)  [restartedMain e.s.a.SimpaticoApplication]
06-02 12:05:57.381 (I) No active profile set, falling back to default profiles: default  [restartedMain e.s.a.SimpaticoApplication]
06-02 12:05:57.433 (I) Refreshing org.springframework.boot.context.embedded.AnnotationConfigEmbeddedWebApplicationContext@5494981b: startup date [Mon Feb 06 12:05:57 CET 2017]; root of context hierarchy  [restartedMain o.s.b.c.e.AnnotationConfigEmbeddedWebApplicationContext]
06-02 12:05:57.683 (I) HV000001: Hibernate Validator 5.2.4.Final  [background-preinit o.h.v.i.u.Version]
06-02 12:05:59.238 (I) Tomcat initialized with port(s): 8080 (http)  [restartedMain o.s.b.c.e.t.TomcatEmbeddedServletContainer]
06-02 12:05:59.374 (I) Root WebApplicationContext: initialization completed in 1946 ms  [localhost-startStop-1 o.s.w.c.ContextLoader]
06-02 12:05:59.734 (I) Mapping filter: 'characterEncodingFilter' to: [/*]  [localhost-startStop-1 o.s.b.c.e.FilterRegistrationBean]
06-02 12:05:59.734 (I) Mapping filter: 'hiddenHttpMethodFilter' to: [/*]  [localhost-startStop-1 o.s.b.c.e.FilterRegistrationBean]
06-02 12:05:59.735 (I) Mapping filter: 'httpPutFormContentFilter' to: [/*]  [localhost-startStop-1 o.s.b.c.e.FilterRegistrationBean]
06-02 12:05:59.735 (I) Mapping filter: 'requestContextFilter' to: [/*]  [localhost-startStop-1 o.s.b.c.e.FilterRegistrationBean]
06-02 12:05:59.735 (I) Filter characterEncodingFilter was not registered (possibly already registered?)  [localhost-startStop-1 o.s.b.c.e.FilterRegistrationBean]
06-02 12:05:59.735 (I) Mapping servlet: 'dispatcherServlet' to [/]  [localhost-startStop-1 o.s.b.c.e.ServletRegistrationBean]
06-02 12:06:00.424 (I) Mapped "{[/tae/webdemo || /tae]}" onto public java.lang.String eu.simpaticoproject.adaptation.common.controller.DemoController.taeDashboard()  [restartedMain o.s.w.s.m.m.a.RequestMappingHandlerMapping]
06-02 12:06:00.425 (I) Mapped "{[/wae/webdemo || /wae]}" onto public java.lang.String eu.simpaticoproject.adaptation.common.controller.DemoController.waeDemo()  [restartedMain o.s.w.s.m.m.a.RequestMappingHandlerMapping]
06-02 12:06:00.425 (I) Mapped "{[/wae/webdemo/logincallback]}" onto public java.lang.String eu.simpaticoproject.adaptation.common.controller.DemoController.login()  [restartedMain o.s.w.s.m.m.a.RequestMappingHandlerMapping]
06-02 12:06:00.426 (I) Mapped "{[/tae/simp],methods=[POST]}" onto public eu.simpaticoproject.adaptation.text.tae.SimpaticoOutput eu.simpaticoproject.adaptation.text.controllers.TAEController.simp(eu.simpaticoproject.adaptation.text.tae.SimpaticoInput) throws java.lang.Exception  [restartedMain o.s.w.s.m.m.a.RequestMappingHandlerMapping]
06-02 12:06:00.427 (I) Mapped "{[/tae/simp],methods=[GET]}" onto public java.lang.String eu.simpaticoproject.adaptation.text.controllers.TAEController.simp(java.lang.String,java.lang.String,java.lang.Boolean) throws java.lang.Exception  [restartedMain o.s.w.s.m.m.a.RequestMappingHandlerMapping]
06-02 12:06:00.428 (I) Mapped "{[/wae/model/page],methods=[GET]}" onto public eu.simpaticoproject.adaptation.workflow.model.wf.PageModel eu.simpaticoproject.adaptation.workflow.controller.WAEController.getPageModel(java.lang.String,java.lang.String,javax.servlet.http.HttpServletRequest) throws java.lang.Exception  [restartedMain o.s.w.s.m.m.a.RequestMappingHandlerMapping]
06-02 12:06:00.428 (I) Mapped "{[/wae/model],methods=[GET]}" onto public java.util.List<eu.simpaticoproject.adaptation.workflow.model.WorkFlowModelStore> eu.simpaticoproject.adaptation.workflow.controller.WAEController.getModelStore(java.lang.String,javax.servlet.http.HttpServletRequest) throws java.lang.Exception  [restartedMain o.s.w.s.m.m.a.RequestMappingHandlerMapping]
06-02 12:06:00.429 (I) Mapped "{[/wae/model],methods=[POST]}" onto public eu.simpaticoproject.adaptation.workflow.model.WorkFlowModelStore eu.simpaticoproject.adaptation.workflow.controller.WAEController.addModelStore(eu.simpaticoproject.adaptation.workflow.model.WorkFlowModelStore,javax.servlet.http.HttpServletRequest) throws java.lang.Exception  [restartedMain o.s.w.s.m.m.a.RequestMappingHandlerMapping]
06-02 12:06:00.429 (I) Mapped "{[/wae/model/{objectId}],methods=[PUT]}" onto public eu.simpaticoproject.adaptation.workflow.model.WorkFlowModelStore eu.simpaticoproject.adaptation.workflow.controller.WAEController.saveModelStore(java.lang.String,eu.simpaticoproject.adaptation.workflow.model.WorkFlowModelStore,javax.servlet.http.HttpServletRequest) throws java.lang.Exception  [restartedMain o.s.w.s.m.m.a.RequestMappingHandlerMapping]
06-02 12:06:00.429 (I) Mapped "{[/wae/model/{objectId}],methods=[DELETE]}" onto public void eu.simpaticoproject.adaptation.workflow.controller.WAEController.deleteModelStore(java.lang.String,javax.servlet.http.HttpServletRequest) throws java.lang.Exception  [restartedMain o.s.w.s.m.m.a.RequestMappingHandlerMapping]
06-02 12:06:00.430 (I) Mapped "{[/apidocs],methods=[GET],produces=[application/json || application/hal+json]}" onto public org.springframework.http.ResponseEntity<springfox.documentation.spring.web.json.Json> springfox.documentation.swagger2.web.Swagger2Controller.getDocumentation(java.lang.String,javax.servlet.http.HttpServletRequest)  [restartedMain o.s.w.s.m.m.a.RequestMappingHandlerMapping]
06-02 12:06:00.433 (I) Mapped "{[/configuration/ui]}" onto org.springframework.http.ResponseEntity<springfox.documentation.swagger.web.UiConfiguration> springfox.documentation.swagger.web.ApiResourceController.uiConfiguration()  [restartedMain o.s.w.s.m.m.a.RequestMappingHandlerMapping]
06-02 12:06:00.435 (I) Mapped "{[/swagger-resources]}" onto org.springframework.http.ResponseEntity<java.util.List<springfox.documentation.swagger.web.SwaggerResource>> springfox.documentation.swagger.web.ApiResourceController.swaggerResources()  [restartedMain o.s.w.s.m.m.a.RequestMappingHandlerMapping]
06-02 12:06:00.436 (I) Mapped "{[/configuration/security]}" onto org.springframework.http.ResponseEntity<springfox.documentation.swagger.web.SecurityConfiguration> springfox.documentation.swagger.web.ApiResourceController.securityConfiguration()  [restartedMain o.s.w.s.m.m.a.RequestMappingHandlerMapping]
06-02 12:06:00.441 (I) Mapped "{[/error]}" onto public org.springframework.http.ResponseEntity<java.util.Map<java.lang.String, java.lang.Object>> org.springframework.boot.autoconfigure.web.BasicErrorController.error(javax.servlet.http.HttpServletRequest)  [restartedMain o.s.w.s.m.m.a.RequestMappingHandlerMapping]
06-02 12:06:00.442 (I) Mapped "{[/error],produces=[text/html]}" onto public org.springframework.web.servlet.ModelAndView org.springframework.boot.autoconfigure.web.BasicErrorController.errorHtml(javax.servlet.http.HttpServletRequest,javax.servlet.http.HttpServletResponse)  [restartedMain o.s.w.s.m.m.a.RequestMappingHandlerMapping]
06-02 12:06:00.707 (I) Looking for @ControllerAdvice: org.springframework.boot.context.embedded.AnnotationConfigEmbeddedWebApplicationContext@5494981b: startup date [Mon Feb 06 12:05:57 CET 2017]; root of context hierarchy  [restartedMain o.s.w.s.m.m.a.RequestMappingHandlerAdapter]
06-02 12:06:00.752 (I) Mapped URL path [/webjars/**] onto handler of type [class org.springframework.web.servlet.resource.ResourceHttpRequestHandler]  [restartedMain o.s.w.s.h.SimpleUrlHandlerMapping]
06-02 12:06:00.752 (I) Mapped URL path [/**] onto handler of type [class org.springframework.web.servlet.resource.ResourceHttpRequestHandler]  [restartedMain o.s.w.s.h.SimpleUrlHandlerMapping]
06-02 12:06:00.779 (I) Mapped URL path [/**/favicon.ico] onto handler of type [class org.springframework.web.servlet.resource.ResourceHttpRequestHandler]  [restartedMain o.s.w.s.h.SimpleUrlHandlerMapping]
06-02 12:06:00.962 (I) LiveReload server is running on port 35729  [restartedMain o.s.b.d.a.OptionalLiveReloadServer]
06-02 12:06:00.999 (I) Registering beans for JMX exposure on startup  [restartedMain o.s.j.e.a.AnnotationMBeanExporter]
06-02 12:06:01.007 (I) Context refreshed  [restartedMain s.d.s.w.p.DocumentationPluginsBootstrapper]
06-02 12:06:01.037 (I) Found 1 custom documentation plugin(s)  [restartedMain s.d.s.w.p.DocumentationPluginsBootstrapper]
06-02 12:06:01.044 (I) Scanning for api listing references  [restartedMain s.d.s.w.s.ApiListingReferenceScanner]
06-02 12:06:01.386 (I) Tomcat started on port(s): 8080 (http)  [restartedMain o.s.b.c.e.t.TomcatEmbeddedServletContainer]
06-02 12:06:01.391 (I) Started SimpaticoApplication in 4.282 seconds (JVM running for 5.465)  [restartedMain e.s.a.SimpaticoApplication]
06-02 12:07:07.786 (I) FrameworkServlet 'dispatcherServlet': initialization started  [http-nio-8080-exec-2 o.s.w.s.DispatcherServlet]
06-02 12:07:07.804 (I) FrameworkServlet 'dispatcherServlet': initialization completed in 18 ms  [http-nio-8080-exec-2 o.s.w.s.DispatcherServlet]
06-02 12:07:18.017 (I) Closing org.springframework.boot.context.embedded.AnnotationConfigEmbeddedWebApplicationContext@5494981b: startup date [Mon Feb 06 12:05:57 CET 2017]; root of context hierarchy  [Thread-10 o.s.b.c.e.AnnotationConfigEmbeddedWebApplicationContext]
