03-02 09:53:43.457 (I) Closing org.springframework.boot.context.embedded.AnnotationConfigEmbeddedWebApplicationContext@7d651f12: startup date [Wed Feb 01 15:55:59 CET 2017]; root of context hierarchy  [Thread-10 o.s.b.c.e.AnnotationConfigEmbeddedWebApplicationContext]
03-02 09:53:43.572 (I) Unregistering JMX-exposed beans on shutdown  [Thread-10 o.s.j.e.a.AnnotationMBeanExporter]
03-02 09:53:44.209 (I) Starting SimpaticoApplication on Smarts-MacBook-Pro.local with PID 27873 (/Users/raman/Documents/Work/SO/platform/smartcampus-vas/simpatico-adaptation-engines/target/classes started by raman in /Users/raman/Documents/Work/SO/platform/smartcampus-vas/simpatico-adaptation-engines)  [restartedMain e.s.a.SimpaticoApplication]
03-02 09:53:44.209 (I) No active profile set, falling back to default profiles: default  [restartedMain e.s.a.SimpaticoApplication]
03-02 09:53:44.217 (I) Refreshing org.springframework.boot.context.embedded.AnnotationConfigEmbeddedWebApplicationContext@76323400: startup date [Fri Feb 03 09:53:44 CET 2017]; root of context hierarchy  [restartedMain o.s.b.c.e.AnnotationConfigEmbeddedWebApplicationContext]
03-02 09:53:45.534 (I) Tomcat initialized with port(s): 8080 (http)  [restartedMain o.s.b.c.e.t.TomcatEmbeddedServletContainer]
03-02 09:53:45.545 (I) Root WebApplicationContext: initialization completed in 1328 ms  [localhost-startStop-1 o.s.w.c.ContextLoader]
03-02 09:53:45.644 (I) Mapping filter: 'characterEncodingFilter' to: [/*]  [localhost-startStop-1 o.s.b.c.e.FilterRegistrationBean]
03-02 09:53:45.645 (I) Mapping filter: 'hiddenHttpMethodFilter' to: [/*]  [localhost-startStop-1 o.s.b.c.e.FilterRegistrationBean]
03-02 09:53:45.645 (I) Mapping filter: 'httpPutFormContentFilter' to: [/*]  [localhost-startStop-1 o.s.b.c.e.FilterRegistrationBean]
03-02 09:53:45.645 (I) Mapping filter: 'requestContextFilter' to: [/*]  [localhost-startStop-1 o.s.b.c.e.FilterRegistrationBean]
03-02 09:53:45.645 (I) Filter characterEncodingFilter was not registered (possibly already registered?)  [localhost-startStop-1 o.s.b.c.e.FilterRegistrationBean]
03-02 09:53:45.645 (I) Mapping servlet: 'dispatcherServlet' to [/]  [localhost-startStop-1 o.s.b.c.e.ServletRegistrationBean]
03-02 09:53:45.832 (I) Mapped "{[/tae/webdemo || /tae]}" onto public java.lang.String eu.simpaticoproject.adaptation.common.controller.DemoController.taeDashboard()  [restartedMain o.s.w.s.m.m.a.RequestMappingHandlerMapping]
03-02 09:53:45.832 (I) Mapped "{[/wae/webdemo || /wae]}" onto public java.lang.String eu.simpaticoproject.adaptation.common.controller.DemoController.waeDemo()  [restartedMain o.s.w.s.m.m.a.RequestMappingHandlerMapping]
03-02 09:53:45.833 (I) Mapped "{[/wae/webdemo/logincallback]}" onto public java.lang.String eu.simpaticoproject.adaptation.common.controller.DemoController.login()  [restartedMain o.s.w.s.m.m.a.RequestMappingHandlerMapping]
03-02 09:53:45.834 (I) Mapped "{[/tae/simp],methods=[POST]}" onto public eu.simpaticoproject.adaptation.text.tae.SimpaticoOutput eu.simpaticoproject.adaptation.text.controllers.TAEController.simp(eu.simpaticoproject.adaptation.text.tae.SimpaticoInput) throws java.lang.Exception  [restartedMain o.s.w.s.m.m.a.RequestMappingHandlerMapping]
03-02 09:53:45.834 (I) Mapped "{[/tae/simp],methods=[GET]}" onto public java.lang.String eu.simpaticoproject.adaptation.text.controllers.TAEController.simp(java.lang.String,java.lang.String,java.lang.Boolean) throws java.lang.Exception  [restartedMain o.s.w.s.m.m.a.RequestMappingHandlerMapping]
03-02 09:53:45.836 (I) Mapped "{[/wae/model/page],methods=[GET]}" onto public eu.simpaticoproject.adaptation.workflow.model.wf.PageModel eu.simpaticoproject.adaptation.workflow.controller.WAEController.getPageModel(java.lang.String,java.lang.String,javax.servlet.http.HttpServletRequest) throws java.lang.Exception  [restartedMain o.s.w.s.m.m.a.RequestMappingHandlerMapping]
03-02 09:53:45.836 (I) Mapped "{[/wae/model],methods=[GET]}" onto public java.util.List<eu.simpaticoproject.adaptation.workflow.model.WorkFlowModelStore> eu.simpaticoproject.adaptation.workflow.controller.WAEController.getModelStore(java.lang.String,javax.servlet.http.HttpServletRequest) throws java.lang.Exception  [restartedMain o.s.w.s.m.m.a.RequestMappingHandlerMapping]
03-02 09:53:45.837 (I) Mapped "{[/wae/model],methods=[POST]}" onto public eu.simpaticoproject.adaptation.workflow.model.WorkFlowModelStore eu.simpaticoproject.adaptation.workflow.controller.WAEController.addModelStore(eu.simpaticoproject.adaptation.workflow.model.WorkFlowModelStore,javax.servlet.http.HttpServletRequest) throws java.lang.Exception  [restartedMain o.s.w.s.m.m.a.RequestMappingHandlerMapping]
03-02 09:53:45.837 (I) Mapped "{[/wae/model/{objectId}],methods=[PUT]}" onto public eu.simpaticoproject.adaptation.workflow.model.WorkFlowModelStore eu.simpaticoproject.adaptation.workflow.controller.WAEController.saveModelStore(java.lang.String,eu.simpaticoproject.adaptation.workflow.model.WorkFlowModelStore,javax.servlet.http.HttpServletRequest) throws java.lang.Exception  [restartedMain o.s.w.s.m.m.a.RequestMappingHandlerMapping]
03-02 09:53:45.837 (I) Mapped "{[/wae/model/{objectId}],methods=[DELETE]}" onto public void eu.simpaticoproject.adaptation.workflow.controller.WAEController.deleteModelStore(java.lang.String,javax.servlet.http.HttpServletRequest) throws java.lang.Exception  [restartedMain o.s.w.s.m.m.a.RequestMappingHandlerMapping]
03-02 09:53:45.838 (I) Mapped "{[/apidocs],methods=[GET],produces=[application/json || application/hal+json]}" onto public org.springframework.http.ResponseEntity<springfox.documentation.spring.web.json.Json> springfox.documentation.swagger2.web.Swagger2Controller.getDocumentation(java.lang.String,javax.servlet.http.HttpServletRequest)  [restartedMain o.s.w.s.m.m.a.RequestMappingHandlerMapping]
03-02 09:53:45.841 (I) Mapped "{[/swagger-resources]}" onto org.springframework.http.ResponseEntity<java.util.List<springfox.documentation.swagger.web.SwaggerResource>> springfox.documentation.swagger.web.ApiResourceController.swaggerResources()  [restartedMain o.s.w.s.m.m.a.RequestMappingHandlerMapping]
03-02 09:53:45.841 (I) Mapped "{[/configuration/security]}" onto org.springframework.http.ResponseEntity<springfox.documentation.swagger.web.SecurityConfiguration> springfox.documentation.swagger.web.ApiResourceController.securityConfiguration()  [restartedMain o.s.w.s.m.m.a.RequestMappingHandlerMapping]
03-02 09:53:45.842 (I) Mapped "{[/configuration/ui]}" onto org.springframework.http.ResponseEntity<springfox.documentation.swagger.web.UiConfiguration> springfox.documentation.swagger.web.ApiResourceController.uiConfiguration()  [restartedMain o.s.w.s.m.m.a.RequestMappingHandlerMapping]
03-02 09:53:45.847 (I) Mapped "{[/error]}" onto public org.springframework.http.ResponseEntity<java.util.Map<java.lang.String, java.lang.Object>> org.springframework.boot.autoconfigure.web.BasicErrorController.error(javax.servlet.http.HttpServletRequest)  [restartedMain o.s.w.s.m.m.a.RequestMappingHandlerMapping]
03-02 09:53:45.847 (I) Mapped "{[/error],produces=[text/html]}" onto public org.springframework.web.servlet.ModelAndView org.springframework.boot.autoconfigure.web.BasicErrorController.errorHtml(javax.servlet.http.HttpServletRequest,javax.servlet.http.HttpServletResponse)  [restartedMain o.s.w.s.m.m.a.RequestMappingHandlerMapping]
03-02 09:53:45.892 (I) Looking for @ControllerAdvice: org.springframework.boot.context.embedded.AnnotationConfigEmbeddedWebApplicationContext@76323400: startup date [Fri Feb 03 09:53:44 CET 2017]; root of context hierarchy  [restartedMain o.s.w.s.m.m.a.RequestMappingHandlerAdapter]
03-02 09:53:45.908 (I) Mapped URL path [/webjars/**] onto handler of type [class org.springframework.web.servlet.resource.ResourceHttpRequestHandler]  [restartedMain o.s.w.s.h.SimpleUrlHandlerMapping]
03-02 09:53:45.908 (I) Mapped URL path [/**] onto handler of type [class org.springframework.web.servlet.resource.ResourceHttpRequestHandler]  [restartedMain o.s.w.s.h.SimpleUrlHandlerMapping]
03-02 09:53:45.929 (I) Mapped URL path [/**/favicon.ico] onto handler of type [class org.springframework.web.servlet.resource.ResourceHttpRequestHandler]  [restartedMain o.s.w.s.h.SimpleUrlHandlerMapping]
03-02 09:53:46.020 (I) LiveReload server is running on port 35729  [restartedMain o.s.b.d.a.OptionalLiveReloadServer]
03-02 09:53:46.111 (I) Registering beans for JMX exposure on startup  [restartedMain o.s.j.e.a.AnnotationMBeanExporter]
03-02 09:53:46.123 (I) Context refreshed  [restartedMain s.d.s.w.p.DocumentationPluginsBootstrapper]
03-02 09:53:46.125 (I) Found 1 custom documentation plugin(s)  [restartedMain s.d.s.w.p.DocumentationPluginsBootstrapper]
03-02 09:53:46.127 (I) Scanning for api listing references  [restartedMain s.d.s.w.s.ApiListingReferenceScanner]
03-02 09:53:46.347 (I) Tomcat started on port(s): 8080 (http)  [restartedMain o.s.b.c.e.t.TomcatEmbeddedServletContainer]
03-02 09:53:46.350 (I) Started SimpaticoApplication in 2.222 seconds (JVM running for 50969.662)  [restartedMain e.s.a.SimpaticoApplication]
03-02 11:43:01.328 (I) Closing org.springframework.boot.context.embedded.AnnotationConfigEmbeddedWebApplicationContext@76323400: startup date [Fri Feb 03 09:53:44 CET 2017]; root of context hierarchy  [Thread-17 o.s.b.c.e.AnnotationConfigEmbeddedWebApplicationContext]
03-02 11:43:01.334 (I) Unregistering JMX-exposed beans on shutdown  [Thread-17 o.s.j.e.a.AnnotationMBeanExporter]
03-02 11:43:01.669 (I) Starting SimpaticoApplication on Smarts-MacBook-Pro.local with PID 27873 (/Users/raman/Documents/Work/SO/platform/smartcampus-vas/simpatico-adaptation-engines/target/classes started by raman in /Users/raman/Documents/Work/SO/platform/smartcampus-vas/simpatico-adaptation-engines)  [restartedMain e.s.a.SimpaticoApplication]
03-02 11:43:01.669 (I) No active profile set, falling back to default profiles: default  [restartedMain e.s.a.SimpaticoApplication]
03-02 11:43:01.672 (I) Refreshing org.springframework.boot.context.embedded.AnnotationConfigEmbeddedWebApplicationContext@7074f72e: startup date [Fri Feb 03 11:43:01 CET 2017]; root of context hierarchy  [restartedMain o.s.b.c.e.AnnotationConfigEmbeddedWebApplicationContext]
03-02 11:43:02.778 (I) Tomcat initialized with port(s): 8080 (http)  [restartedMain o.s.b.c.e.t.TomcatEmbeddedServletContainer]
03-02 11:43:02.785 (I) Root WebApplicationContext: initialization completed in 1113 ms  [localhost-startStop-1 o.s.w.c.ContextLoader]
03-02 11:43:02.855 (I) Mapping filter: 'characterEncodingFilter' to: [/*]  [localhost-startStop-1 o.s.b.c.e.FilterRegistrationBean]
03-02 11:43:02.855 (I) Mapping filter: 'hiddenHttpMethodFilter' to: [/*]  [localhost-startStop-1 o.s.b.c.e.FilterRegistrationBean]
03-02 11:43:02.856 (I) Mapping filter: 'httpPutFormContentFilter' to: [/*]  [localhost-startStop-1 o.s.b.c.e.FilterRegistrationBean]
03-02 11:43:02.856 (I) Mapping filter: 'requestContextFilter' to: [/*]  [localhost-startStop-1 o.s.b.c.e.FilterRegistrationBean]
03-02 11:43:02.856 (I) Filter characterEncodingFilter was not registered (possibly already registered?)  [localhost-startStop-1 o.s.b.c.e.FilterRegistrationBean]
03-02 11:43:02.856 (I) Mapping servlet: 'dispatcherServlet' to [/]  [localhost-startStop-1 o.s.b.c.e.ServletRegistrationBean]
03-02 11:43:02.970 (I) Mapped "{[/tae/webdemo || /tae]}" onto public java.lang.String eu.simpaticoproject.adaptation.common.controller.DemoController.taeDashboard()  [restartedMain o.s.w.s.m.m.a.RequestMappingHandlerMapping]
03-02 11:43:02.970 (I) Mapped "{[/wae/webdemo || /wae]}" onto public java.lang.String eu.simpaticoproject.adaptation.common.controller.DemoController.waeDemo()  [restartedMain o.s.w.s.m.m.a.RequestMappingHandlerMapping]
03-02 11:43:02.970 (I) Mapped "{[/wae/webdemo/logincallback]}" onto public java.lang.String eu.simpaticoproject.adaptation.common.controller.DemoController.login()  [restartedMain o.s.w.s.m.m.a.RequestMappingHandlerMapping]
03-02 11:43:02.971 (I) Mapped "{[/tae/simp],methods=[POST]}" onto public eu.simpaticoproject.adaptation.text.tae.SimpaticoOutput eu.simpaticoproject.adaptation.text.controllers.TAEController.simp(eu.simpaticoproject.adaptation.text.tae.SimpaticoInput) throws java.lang.Exception  [restartedMain o.s.w.s.m.m.a.RequestMappingHandlerMapping]
03-02 11:43:02.971 (I) Mapped "{[/tae/simp],methods=[GET]}" onto public java.lang.String eu.simpaticoproject.adaptation.text.controllers.TAEController.simp(java.lang.String,java.lang.String,java.lang.Boolean) throws java.lang.Exception  [restartedMain o.s.w.s.m.m.a.RequestMappingHandlerMapping]
03-02 11:43:02.972 (I) Mapped "{[/wae/model/page],methods=[GET]}" onto public eu.simpaticoproject.adaptation.workflow.model.wf.PageModel eu.simpaticoproject.adaptation.workflow.controller.WAEController.getPageModel(java.lang.String,java.lang.String,javax.servlet.http.HttpServletRequest) throws java.lang.Exception  [restartedMain o.s.w.s.m.m.a.RequestMappingHandlerMapping]
03-02 11:43:02.973 (I) Mapped "{[/wae/model],methods=[GET]}" onto public java.util.List<eu.simpaticoproject.adaptation.workflow.model.WorkFlowModelStore> eu.simpaticoproject.adaptation.workflow.controller.WAEController.getModelStore(java.lang.String,javax.servlet.http.HttpServletRequest) throws java.lang.Exception  [restartedMain o.s.w.s.m.m.a.RequestMappingHandlerMapping]
03-02 11:43:02.973 (I) Mapped "{[/wae/model],methods=[POST]}" onto public eu.simpaticoproject.adaptation.workflow.model.WorkFlowModelStore eu.simpaticoproject.adaptation.workflow.controller.WAEController.addModelStore(eu.simpaticoproject.adaptation.workflow.model.WorkFlowModelStore,javax.servlet.http.HttpServletRequest) throws java.lang.Exception  [restartedMain o.s.w.s.m.m.a.RequestMappingHandlerMapping]
03-02 11:43:02.973 (I) Mapped "{[/wae/model/{objectId}],methods=[PUT]}" onto public eu.simpaticoproject.adaptation.workflow.model.WorkFlowModelStore eu.simpaticoproject.adaptation.workflow.controller.WAEController.saveModelStore(java.lang.String,eu.simpaticoproject.adaptation.workflow.model.WorkFlowModelStore,javax.servlet.http.HttpServletRequest) throws java.lang.Exception  [restartedMain o.s.w.s.m.m.a.RequestMappingHandlerMapping]
03-02 11:43:02.974 (I) Mapped "{[/wae/model/{objectId}],methods=[DELETE]}" onto public void eu.simpaticoproject.adaptation.workflow.controller.WAEController.deleteModelStore(java.lang.String,javax.servlet.http.HttpServletRequest) throws java.lang.Exception  [restartedMain o.s.w.s.m.m.a.RequestMappingHandlerMapping]
03-02 11:43:02.974 (I) Mapped "{[/apidocs],methods=[GET],produces=[application/json || application/hal+json]}" onto public org.springframework.http.ResponseEntity<springfox.documentation.spring.web.json.Json> springfox.documentation.swagger2.web.Swagger2Controller.getDocumentation(java.lang.String,javax.servlet.http.HttpServletRequest)  [restartedMain o.s.w.s.m.m.a.RequestMappingHandlerMapping]
03-02 11:43:02.976 (I) Mapped "{[/swagger-resources]}" onto org.springframework.http.ResponseEntity<java.util.List<springfox.documentation.swagger.web.SwaggerResource>> springfox.documentation.swagger.web.ApiResourceController.swaggerResources()  [restartedMain o.s.w.s.m.m.a.RequestMappingHandlerMapping]
03-02 11:43:02.976 (I) Mapped "{[/configuration/security]}" onto org.springframework.http.ResponseEntity<springfox.documentation.swagger.web.SecurityConfiguration> springfox.documentation.swagger.web.ApiResourceController.securityConfiguration()  [restartedMain o.s.w.s.m.m.a.RequestMappingHandlerMapping]
03-02 11:43:02.976 (I) Mapped "{[/configuration/ui]}" onto org.springframework.http.ResponseEntity<springfox.documentation.swagger.web.UiConfiguration> springfox.documentation.swagger.web.ApiResourceController.uiConfiguration()  [restartedMain o.s.w.s.m.m.a.RequestMappingHandlerMapping]
03-02 11:43:02.979 (I) Mapped "{[/error]}" onto public org.springframework.http.ResponseEntity<java.util.Map<java.lang.String, java.lang.Object>> org.springframework.boot.autoconfigure.web.BasicErrorController.error(javax.servlet.http.HttpServletRequest)  [restartedMain o.s.w.s.m.m.a.RequestMappingHandlerMapping]
03-02 11:43:02.980 (I) Mapped "{[/error],produces=[text/html]}" onto public org.springframework.web.servlet.ModelAndView org.springframework.boot.autoconfigure.web.BasicErrorController.errorHtml(javax.servlet.http.HttpServletRequest,javax.servlet.http.HttpServletResponse)  [restartedMain o.s.w.s.m.m.a.RequestMappingHandlerMapping]
03-02 11:43:03.013 (I) Looking for @ControllerAdvice: org.springframework.boot.context.embedded.AnnotationConfigEmbeddedWebApplicationContext@7074f72e: startup date [Fri Feb 03 11:43:01 CET 2017]; root of context hierarchy  [restartedMain o.s.w.s.m.m.a.RequestMappingHandlerAdapter]
03-02 11:43:03.021 (I) Mapped URL path [/webjars/**] onto handler of type [class org.springframework.web.servlet.resource.ResourceHttpRequestHandler]  [restartedMain o.s.w.s.h.SimpleUrlHandlerMapping]
03-02 11:43:03.022 (I) Mapped URL path [/**] onto handler of type [class org.springframework.web.servlet.resource.ResourceHttpRequestHandler]  [restartedMain o.s.w.s.h.SimpleUrlHandlerMapping]
03-02 11:43:03.035 (I) Mapped URL path [/**/favicon.ico] onto handler of type [class org.springframework.web.servlet.resource.ResourceHttpRequestHandler]  [restartedMain o.s.w.s.h.SimpleUrlHandlerMapping]
03-02 11:43:03.125 (I) LiveReload server is running on port 35729  [restartedMain o.s.b.d.a.OptionalLiveReloadServer]
03-02 11:43:03.180 (I) Registering beans for JMX exposure on startup  [restartedMain o.s.j.e.a.AnnotationMBeanExporter]
03-02 11:43:03.186 (I) Context refreshed  [restartedMain s.d.s.w.p.DocumentationPluginsBootstrapper]
03-02 11:43:03.187 (I) Found 1 custom documentation plugin(s)  [restartedMain s.d.s.w.p.DocumentationPluginsBootstrapper]
03-02 11:43:03.189 (I) Scanning for api listing references  [restartedMain s.d.s.w.s.ApiListingReferenceScanner]
03-02 11:43:03.355 (I) Tomcat started on port(s): 8080 (http)  [restartedMain o.s.b.c.e.t.TomcatEmbeddedServletContainer]
03-02 11:43:03.357 (I) Started SimpaticoApplication in 1.745 seconds (JVM running for 57527.43)  [restartedMain e.s.a.SimpaticoApplication]
